#! /usr/bin/vvp
:ivl_version "10.1 (stable)";
:ivl_delay_selection "TYPICAL";
:vpi_time_precision + 0;
:vpi_module "system";
:vpi_module "vhdl_sys";
:vpi_module "v2005_math";
:vpi_module "va_math";
S_0xf7edd0 .scope module, "TestALU" "TestALU" 2 100;
 .timescale 0 0;
v0xff8f90_0 .var "A", 31 0;
v0xff9070_0 .var "B", 31 0;
v0xff9140_0 .net "C", 0 0, v0xff8800_0;  1 drivers
v0xff9240_0 .var "Ci", 0 0;
v0xff9310_0 .net "N", 0 0, v0xff8990_0;  1 drivers
v0xff9400_0 .net "V", 0 0, v0xff8aa0_0;  1 drivers
v0xff94d0_0 .net "Y", 31 0, v0xff8b60_0;  1 drivers
v0xff95a0_0 .net "Z", 0 0, v0xff8c40_0;  1 drivers
v0xff9670_0 .var "op", 5 0;
S_0xf7ef50 .scope module, "alu1" "alu" 2 107, 2 1 0, S_0xf7edd0;
 .timescale 0 0;
    .port_info 0 /OUTPUT 32 "Y"
    .port_info 1 /OUTPUT 1 "N"
    .port_info 2 /OUTPUT 1 "Z"
    .port_info 3 /OUTPUT 1 "C"
    .port_info 4 /OUTPUT 1 "V"
    .port_info 5 /INPUT 6 "op"
    .port_info 6 /INPUT 32 "A"
    .port_info 7 /INPUT 32 "B"
    .port_info 8 /INPUT 1 "Ci"
v0xfc6540_0 .net/s "A", 31 0, v0xff8f90_0;  1 drivers
v0xff8720_0 .net/s "B", 31 0, v0xff9070_0;  1 drivers
v0xff8800_0 .var "C", 0 0;
v0xff88d0_0 .net "Ci", 0 0, v0xff9240_0;  1 drivers
v0xff8990_0 .var "N", 0 0;
v0xff8aa0_0 .var "V", 0 0;
v0xff8b60_0 .var "Y", 31 0;
v0xff8c40_0 .var "Z", 0 0;
v0xff8d00_0 .net "op", 5 0, v0xff9670_0;  1 drivers
E_0xfb4e50 .event edge, v0xff8720_0, v0xfc6540_0, v0xff8d00_0;
    .scope S_0xf7ef50;
T_0 ;
    %wait E_0xfb4e50;
    %load/vec4 v0xff8d00_0;
    %dup/vec4;
    %pushi/vec4 0, 0, 6;
    %cmp/u;
    %jmp/1 T_0.0, 6;
    %dup/vec4;
    %pushi/vec4 1, 0, 6;
    %cmp/u;
    %jmp/1 T_0.1, 6;
    %dup/vec4;
    %pushi/vec4 17, 0, 6;
    %cmp/u;
    %jmp/1 T_0.2, 6;
    %dup/vec4;
    %pushi/vec4 5, 0, 6;
    %cmp/u;
    %jmp/1 T_0.3, 6;
    %dup/vec4;
    %pushi/vec4 21, 0, 6;
    %cmp/u;
    %jmp/1 T_0.4, 6;
    %dup/vec4;
    %pushi/vec4 2, 0, 6;
    %cmp/u;
    %jmp/1 T_0.5, 6;
    %dup/vec4;
    %pushi/vec4 18, 0, 6;
    %cmp/u;
    %jmp/1 T_0.6, 6;
    %dup/vec4;
    %pushi/vec4 6, 0, 6;
    %cmp/u;
    %jmp/1 T_0.7, 6;
    %dup/vec4;
    %pushi/vec4 22, 0, 6;
    %cmp/u;
    %jmp/1 T_0.8, 6;
    %dup/vec4;
    %pushi/vec4 3, 0, 6;
    %cmp/u;
    %jmp/1 T_0.9, 6;
    %dup/vec4;
    %pushi/vec4 19, 0, 6;
    %cmp/u;
    %jmp/1 T_0.10, 6;
    %dup/vec4;
    %pushi/vec4 7, 0, 6;
    %cmp/u;
    %jmp/1 T_0.11, 6;
    %dup/vec4;
    %pushi/vec4 23, 0, 6;
    %cmp/u;
    %jmp/1 T_0.12, 6;
    %dup/vec4;
    %pushi/vec4 16, 0, 6;
    %cmp/u;
    %jmp/1 T_0.13, 6;
    %dup/vec4;
    %pushi/vec4 8, 0, 6;
    %cmp/u;
    %jmp/1 T_0.14, 6;
    %dup/vec4;
    %pushi/vec4 24, 0, 6;
    %cmp/u;
    %jmp/1 T_0.15, 6;
    %dup/vec4;
    %pushi/vec4 4, 0, 6;
    %cmp/u;
    %jmp/1 T_0.16, 6;
    %dup/vec4;
    %pushi/vec4 20, 0, 6;
    %cmp/u;
    %jmp/1 T_0.17, 6;
    %dup/vec4;
    %pushi/vec4 12, 0, 6;
    %cmp/u;
    %jmp/1 T_0.18, 6;
    %dup/vec4;
    %pushi/vec4 28, 0, 6;
    %cmp/u;
    %jmp/1 T_0.19, 6;
    %dup/vec4;
    %pushi/vec4 37, 0, 6;
    %cmp/u;
    %jmp/1 T_0.20, 6;
    %dup/vec4;
    %pushi/vec4 38, 0, 6;
    %cmp/u;
    %jmp/1 T_0.21, 6;
    %dup/vec4;
    %pushi/vec4 39, 0, 6;
    %cmp/u;
    %jmp/1 T_0.22, 6;
    %dup/vec4;
    %pushi/vec4 37, 0, 6;
    %cmp/u;
    %jmp/1 T_0.23, 6;
    %jmp T_0.24;
T_0.0 ;
    %load/vec4 v0xfc6540_0;
    %load/vec4 v0xff8720_0;
    %add;
    %store/vec4 v0xff8b60_0, 0, 32;
    %jmp T_0.24;
T_0.1 ;
    %load/vec4 v0xfc6540_0;
    %pad/s 33;
    %load/vec4 v0xff8720_0;
    %pad/s 33;
    %and;
    %split/vec4 32;
    %store/vec4 v0xff8b60_0, 0, 32;
    %store/vec4 v0xff8800_0, 0, 1;
    %load/vec4 v0xff8b60_0;
    %parti/s 1, 31, 6;
    %store/vec4 v0xff8990_0, 0, 1;
    %load/vec4 v0xff8b60_0;
    %cmpi/e 0, 0, 32;
    %jmp/0xz  T_0.25, 4;
    %pushi/vec4 1, 0, 1;
    %store/vec4 v0xff8c40_0, 0, 1;
    %jmp T_0.26;
T_0.25 ;
    %pushi/vec4 0, 0, 1;
    %store/vec4 v0xff8c40_0, 0, 1;
T_0.26 ;
    %pushi/vec4 0, 0, 1;
    %store/vec4 v0xff8aa0_0, 0, 1;
    %jmp T_0.24;
T_0.2 ;
    %load/vec4 v0xfc6540_0;
    %pad/s 33;
    %load/vec4 v0xff8720_0;
    %pad/s 33;
    %and;
    %split/vec4 32;
    %store/vec4 v0xff8b60_0, 0, 32;
    %store/vec4 v0xff8800_0, 0, 1;
    %load/vec4 v0xff8b60_0;
    %parti/s 1, 31, 6;
    %store/vec4 v0xff8990_0, 0, 1;
    %load/vec4 v0xff8b60_0;
    %cmpi/e 0, 0, 32;
    %jmp/0xz  T_0.27, 4;
    %pushi/vec4 1, 0, 1;
    %store/vec4 v0xff8c40_0, 0, 1;
    %jmp T_0.28;
T_0.27 ;
    %pushi/vec4 0, 0, 1;
    %store/vec4 v0xff8c40_0, 0, 1;
T_0.28 ;
    %pushi/vec4 0, 0, 1;
    %store/vec4 v0xff8aa0_0, 0, 1;
    %jmp T_0.24;
T_0.3 ;
    %load/vec4 v0xfc6540_0;
    %load/vec4 v0xff8720_0;
    %inv;
    %and;
    %store/vec4 v0xff8b60_0, 0, 32;
    %jmp T_0.24;
T_0.4 ;
    %load/vec4 v0xfc6540_0;
    %pad/s 33;
    %load/vec4 v0xff8720_0;
    %pad/s 33;
    %inv;
    %and;
    %split/vec4 32;
    %store/vec4 v0xff8b60_0, 0, 32;
    %store/vec4 v0xff8800_0, 0, 1;
    %load/vec4 v0xff8b60_0;
    %parti/s 1, 31, 6;
    %store/vec4 v0xff8990_0, 0, 1;
    %load/vec4 v0xff8b60_0;
    %cmpi/e 0, 0, 32;
    %jmp/0xz  T_0.29, 4;
    %pushi/vec4 1, 0, 1;
    %store/vec4 v0xff8c40_0, 0, 1;
    %jmp T_0.30;
T_0.29 ;
    %pushi/vec4 0, 0, 1;
    %store/vec4 v0xff8c40_0, 0, 1;
T_0.30 ;
    %pushi/vec4 0, 0, 1;
    %store/vec4 v0xff8aa0_0, 0, 1;
    %jmp T_0.24;
T_0.5 ;
    %load/vec4 v0xfc6540_0;
    %load/vec4 v0xff8720_0;
    %or;
    %store/vec4 v0xff8b60_0, 0, 32;
    %jmp T_0.24;
T_0.6 ;
    %load/vec4 v0xfc6540_0;
    %pad/s 33;
    %load/vec4 v0xff8720_0;
    %pad/s 33;
    %or;
    %split/vec4 32;
    %store/vec4 v0xff8b60_0, 0, 32;
    %store/vec4 v0xff8800_0, 0, 1;
    %load/vec4 v0xff8b60_0;
    %parti/s 1, 31, 6;
    %store/vec4 v0xff8990_0, 0, 1;
    %load/vec4 v0xff8b60_0;
    %cmpi/e 0, 0, 32;
    %jmp/0xz  T_0.31, 4;
    %pushi/vec4 1, 0, 1;
    %store/vec4 v0xff8c40_0, 0, 1;
    %jmp T_0.32;
T_0.31 ;
    %pushi/vec4 0, 0, 1;
    %store/vec4 v0xff8c40_0, 0, 1;
T_0.32 ;
    %pushi/vec4 0, 0, 1;
    %store/vec4 v0xff8aa0_0, 0, 1;
    %jmp T_0.24;
T_0.7 ;
    %load/vec4 v0xfc6540_0;
    %load/vec4 v0xff8720_0;
    %inv;
    %or;
    %store/vec4 v0xff8b60_0, 0, 32;
    %jmp T_0.24;
T_0.8 ;
    %load/vec4 v0xfc6540_0;
    %pad/s 33;
    %load/vec4 v0xff8720_0;
    %pad/s 33;
    %inv;
    %or;
    %split/vec4 32;
    %store/vec4 v0xff8b60_0, 0, 32;
    %store/vec4 v0xff8800_0, 0, 1;
    %load/vec4 v0xff8b60_0;
    %parti/s 1, 31, 6;
    %store/vec4 v0xff8990_0, 0, 1;
    %load/vec4 v0xff8b60_0;
    %cmpi/e 0, 0, 32;
    %jmp/0xz  T_0.33, 4;
    %pushi/vec4 1, 0, 1;
    %store/vec4 v0xff8c40_0, 0, 1;
    %jmp T_0.34;
T_0.33 ;
    %pushi/vec4 0, 0, 1;
    %store/vec4 v0xff8c40_0, 0, 1;
T_0.34 ;
    %pushi/vec4 0, 0, 1;
    %store/vec4 v0xff8aa0_0, 0, 1;
    %jmp T_0.24;
T_0.9 ;
    %load/vec4 v0xfc6540_0;
    %load/vec4 v0xff8720_0;
    %xor;
    %store/vec4 v0xff8b60_0, 0, 32;
    %jmp T_0.24;
T_0.10 ;
    %load/vec4 v0xfc6540_0;
    %pad/s 33;
    %load/vec4 v0xff8720_0;
    %pad/s 33;
    %xor;
    %split/vec4 32;
    %store/vec4 v0xff8b60_0, 0, 32;
    %store/vec4 v0xff8800_0, 0, 1;
    %load/vec4 v0xff8b60_0;
    %parti/s 1, 31, 6;
    %store/vec4 v0xff8990_0, 0, 1;
    %load/vec4 v0xff8b60_0;
    %cmpi/e 0, 0, 32;
    %jmp/0xz  T_0.35, 4;
    %pushi/vec4 1, 0, 1;
    %store/vec4 v0xff8c40_0, 0, 1;
    %jmp T_0.36;
T_0.35 ;
    %pushi/vec4 0, 0, 1;
    %store/vec4 v0xff8c40_0, 0, 1;
T_0.36 ;
    %pushi/vec4 0, 0, 1;
    %store/vec4 v0xff8aa0_0, 0, 1;
    %jmp T_0.24;
T_0.11 ;
    %load/vec4 v0xfc6540_0;
    %load/vec4 v0xff8720_0;
    %inv;
    %xor;
    %store/vec4 v0xff8b60_0, 0, 32;
    %jmp T_0.24;
T_0.12 ;
    %load/vec4 v0xfc6540_0;
    %pad/s 33;
    %load/vec4 v0xff8720_0;
    %pad/s 33;
    %inv;
    %xor;
    %split/vec4 32;
    %store/vec4 v0xff8b60_0, 0, 32;
    %store/vec4 v0xff8800_0, 0, 1;
    %load/vec4 v0xff8b60_0;
    %parti/s 1, 31, 6;
    %store/vec4 v0xff8990_0, 0, 1;
    %load/vec4 v0xff8b60_0;
    %cmpi/e 0, 0, 32;
    %jmp/0xz  T_0.37, 4;
    %pushi/vec4 1, 0, 1;
    %store/vec4 v0xff8c40_0, 0, 1;
    %jmp T_0.38;
T_0.37 ;
    %pushi/vec4 0, 0, 1;
    %store/vec4 v0xff8c40_0, 0, 1;
T_0.38 ;
    %pushi/vec4 0, 0, 1;
    %store/vec4 v0xff8aa0_0, 0, 1;
    %jmp T_0.24;
T_0.13 ;
    %load/vec4 v0xfc6540_0;
    %pad/s 33;
    %load/vec4 v0xff8720_0;
    %pad/s 33;
    %add;
    %split/vec4 32;
    %store/vec4 v0xff8b60_0, 0, 32;
    %store/vec4 v0xff8800_0, 0, 1;
    %load/vec4 v0xff8b60_0;
    %parti/s 1, 31, 6;
    %store/vec4 v0xff8990_0, 0, 1;
    %load/vec4 v0xff8b60_0;
    %cmpi/e 0, 0, 32;
    %jmp/0xz  T_0.39, 4;
    %pushi/vec4 1, 0, 1;
    %store/vec4 v0xff8c40_0, 0, 1;
    %jmp T_0.40;
T_0.39 ;
    %pushi/vec4 0, 0, 1;
    %store/vec4 v0xff8c40_0, 0, 1;
T_0.40 ;
    %load/vec4 v0xfc6540_0;
    %parti/s 1, 31, 6;
    %load/vec4 v0xff8720_0;
    %parti/s 1, 31, 6;
    %cmp/e;
    %flag_get/vec4 4;
    %load/vec4 v0xff8b60_0;
    %parti/s 1, 31, 6;
    %load/vec4 v0xfc6540_0;
    %parti/s 1, 31, 6;
    %cmp/e;
    %flag_get/vec4 4;
    %inv;
    %and;
    %flag_set/vec4 8;
    %jmp/0xz  T_0.41, 8;
    %pushi/vec4 1, 0, 1;
    %store/vec4 v0xff8aa0_0, 0, 1;
    %jmp T_0.42;
T_0.41 ;
    %pushi/vec4 0, 0, 1;
    %store/vec4 v0xff8aa0_0, 0, 1;
T_0.42 ;
    %jmp T_0.24;
T_0.14 ;
    %load/vec4 v0xfc6540_0;
    %load/vec4 v0xff8720_0;
    %add;
    %load/vec4 v0xff88d0_0;
    %pad/u 32;
    %add;
    %store/vec4 v0xff8b60_0, 0, 32;
    %jmp T_0.24;
T_0.15 ;
    %load/vec4 v0xfc6540_0;
    %pad/u 33;
    %load/vec4 v0xff8720_0;
    %pad/u 33;
    %add;
    %load/vec4 v0xff88d0_0;
    %pad/u 33;
    %add;
    %split/vec4 32;
    %store/vec4 v0xff8b60_0, 0, 32;
    %store/vec4 v0xff8800_0, 0, 1;
    %load/vec4 v0xff8b60_0;
    %parti/s 1, 31, 6;
    %store/vec4 v0xff8990_0, 0, 1;
    %load/vec4 v0xff8b60_0;
    %cmpi/e 0, 0, 32;
    %jmp/0xz  T_0.43, 4;
    %pushi/vec4 1, 0, 1;
    %store/vec4 v0xff8c40_0, 0, 1;
    %jmp T_0.44;
T_0.43 ;
    %pushi/vec4 0, 0, 1;
    %store/vec4 v0xff8c40_0, 0, 1;
T_0.44 ;
    %load/vec4 v0xfc6540_0;
    %parti/s 1, 31, 6;
    %load/vec4 v0xff8720_0;
    %parti/s 1, 31, 6;
    %cmp/e;
    %flag_get/vec4 4;
    %load/vec4 v0xff8b60_0;
    %parti/s 1, 31, 6;
    %load/vec4 v0xfc6540_0;
    %parti/s 1, 31, 6;
    %cmp/e;
    %flag_get/vec4 4;
    %inv;
    %and;
    %flag_set/vec4 8;
    %jmp/0xz  T_0.45, 8;
    %pushi/vec4 1, 0, 1;
    %store/vec4 v0xff8aa0_0, 0, 1;
    %jmp T_0.46;
T_0.45 ;
    %pushi/vec4 0, 0, 1;
    %store/vec4 v0xff8aa0_0, 0, 1;
T_0.46 ;
    %jmp T_0.24;
T_0.16 ;
    %load/vec4 v0xfc6540_0;
    %load/vec4 v0xff8720_0;
    %sub;
    %store/vec4 v0xff8b60_0, 0, 32;
    %jmp T_0.24;
T_0.17 ;
    %load/vec4 v0xfc6540_0;
    %pad/s 33;
    %load/vec4 v0xff8720_0;
    %pad/s 33;
    %sub;
    %split/vec4 32;
    %store/vec4 v0xff8b60_0, 0, 32;
    %store/vec4 v0xff8800_0, 0, 1;
    %load/vec4 v0xff8b60_0;
    %parti/s 1, 31, 6;
    %store/vec4 v0xff8990_0, 0, 1;
    %load/vec4 v0xff8b60_0;
    %cmpi/e 0, 0, 32;
    %jmp/0xz  T_0.47, 4;
    %pushi/vec4 1, 0, 1;
    %store/vec4 v0xff8c40_0, 0, 1;
    %jmp T_0.48;
T_0.47 ;
    %pushi/vec4 0, 0, 1;
    %store/vec4 v0xff8c40_0, 0, 1;
T_0.48 ;
    %load/vec4 v0xfc6540_0;
    %parti/s 1, 31, 6;
    %load/vec4 v0xff8720_0;
    %parti/s 1, 31, 6;
    %cmp/e;
    %flag_get/vec4 4;
    %inv;
    %load/vec4 v0xff8b60_0;
    %parti/s 1, 31, 6;
    %load/vec4 v0xfc6540_0;
    %parti/s 1, 31, 6;
    %cmp/e;
    %flag_get/vec4 4;
    %inv;
    %and;
    %flag_set/vec4 8;
    %jmp/0xz  T_0.49, 8;
    %pushi/vec4 1, 0, 1;
    %store/vec4 v0xff8aa0_0, 0, 1;
    %jmp T_0.50;
T_0.49 ;
    %pushi/vec4 0, 0, 1;
    %store/vec4 v0xff8aa0_0, 0, 1;
T_0.50 ;
    %jmp T_0.24;
T_0.18 ;
    %load/vec4 v0xfc6540_0;
    %load/vec4 v0xff8720_0;
    %sub;
    %load/vec4 v0xff88d0_0;
    %pad/u 32;
    %sub;
    %store/vec4 v0xff8b60_0, 0, 32;
    %jmp T_0.24;
T_0.19 ;
    %load/vec4 v0xfc6540_0;
    %pad/u 33;
    %load/vec4 v0xff8720_0;
    %pad/u 33;
    %sub;
    %load/vec4 v0xff88d0_0;
    %pad/u 33;
    %sub;
    %split/vec4 32;
    %store/vec4 v0xff8b60_0, 0, 32;
    %store/vec4 v0xff8800_0, 0, 1;
    %load/vec4 v0xff8b60_0;
    %parti/s 1, 31, 6;
    %store/vec4 v0xff8990_0, 0, 1;
    %load/vec4 v0xff8b60_0;
    %cmpi/e 0, 0, 32;
    %jmp/0xz  T_0.51, 4;
    %pushi/vec4 1, 0, 1;
    %store/vec4 v0xff8c40_0, 0, 1;
    %jmp T_0.52;
T_0.51 ;
    %pushi/vec4 0, 0, 1;
    %store/vec4 v0xff8c40_0, 0, 1;
T_0.52 ;
    %load/vec4 v0xfc6540_0;
    %parti/s 1, 31, 6;
    %load/vec4 v0xff8720_0;
    %parti/s 1, 31, 6;
    %cmp/e;
    %flag_get/vec4 4;
    %inv;
    %load/vec4 v0xff8b60_0;
    %parti/s 1, 31, 6;
    %load/vec4 v0xfc6540_0;
    %parti/s 1, 31, 6;
    %cmp/e;
    %flag_get/vec4 4;
    %inv;
    %and;
    %flag_set/vec4 8;
    %jmp/0xz  T_0.53, 8;
    %pushi/vec4 1, 0, 1;
    %store/vec4 v0xff8aa0_0, 0, 1;
    %jmp T_0.54;
T_0.53 ;
    %pushi/vec4 0, 0, 1;
    %store/vec4 v0xff8aa0_0, 0, 1;
T_0.54 ;
    %jmp T_0.24;
T_0.20 ;
    %load/vec4 v0xfc6540_0;
    %load/vec4 v0xff8720_0;
    %parti/s 5, 0, 2;
    %ix/vec4 4;
    %shiftl 4;
    %store/vec4 v0xff8b60_0, 0, 32;
    %jmp T_0.24;
T_0.21 ;
    %load/vec4 v0xfc6540_0;
    %load/vec4 v0xff8720_0;
    %parti/s 5, 0, 2;
    %ix/vec4 4;
    %shiftr 4;
    %store/vec4 v0xff8b60_0, 0, 32;
    %jmp T_0.24;
T_0.22 ;
    %load/vec4 v0xfc6540_0;
    %load/vec4 v0xff8720_0;
    %parti/s 5, 0, 2;
    %ix/vec4 4;
    %shiftr/s 4;
    %store/vec4 v0xff8b60_0, 0, 32;
    %jmp T_0.24;
T_0.23 ;
    %load/vec4 v0xfc6540_0;
    %parti/s 5, 0, 2;
    %pad/u 32;
    %addi 1, 0, 32;
    %store/vec4 v0xff8b60_0, 0, 32;
    %jmp T_0.24;
T_0.24 ;
    %pop/vec4 1;
    %jmp T_0;
    .thread T_0, $push;
    .scope S_0xf7edd0;
T_1 ;
    %delay 500, 0;
    %vpi_call 2 108 "$finish" {0 0 0};
    %end;
    .thread T_1;
    .scope S_0xf7edd0;
T_2 ;
    %fork t_1, S_0xf7edd0;
    %fork t_2, S_0xf7edd0;
    %fork t_3, S_0xf7edd0;
    %fork t_4, S_0xf7edd0;
    %join;
    %join;
    %join;
    %join;
    %jmp t_0;
t_1 ;
    %pushi/vec4 7, 0, 32;
    %store/vec4 v0xff8f90_0, 0, 32;
    %end;
t_2 ;
    %pushi/vec4 1, 0, 32;
    %store/vec4 v0xff9070_0, 0, 32;
    %end;
t_3 ;
    %pushi/vec4 0, 0, 1;
    %store/vec4 v0xff9240_0, 0, 1;
    %end;
t_4 ;
    %delay 10, 0;
    %pushi/vec4 20, 0, 6;
    %store/vec4 v0xff9670_0, 0, 6;
    %end;
    .scope S_0xf7edd0;
t_0 ;
    %end;
    .thread T_2;
    .scope S_0xf7edd0;
T_3 ;
    %vpi_call 2 119 "$display", " A = %b ", v0xff8f90_0 {0 0 0};
    %vpi_call 2 120 "$display", " B = %b ", v0xff9070_0 {0 0 0};
    %vpi_call 2 121 "$display", " C N Z V Y " {0 0 0};
    %vpi_call 2 122 "$monitor", " %b ", v0xff94d0_0 {0 0 0};
    %end;
    .thread T_3;
# The file index is used to find the file name in the following table.
:file_names 3;
    "N/A";
    "<interactive>";
    "PF1_Barbosa_Lopez_Eric_alu.v";
